[+] Containers:
 |- [+] Container: /Game/ThirdPerson/Maps/Nadia
 |   |- [+] ActorDescs:
 |   |   |- Guid:0A7E4B2348C3FE21204346A600146729 BaseClass: NativeClass:/Script/Engine.TargetPoint Name:TargetPoint_UAID_047C168AD0E7FF4502_1081622251 Label:TargetPoint4 SpatiallyLoaded:1 Bounds:IsValid=true, Min=(X=770.000 Y=2350.000 Z=200.000), Max=(X=770.000 Y=2350.000 Z=200.000) RuntimeGrid:None EditorOnly:0 RuntimeOnly:0 HLODRelevant:0 ListedInSceneOutliner:1 IsMainWorldOnly:0 FolderPath:TargetPoint FolderGuid:E99F807A49F3983F8EC54689062162E6
 |   |   |- Guid:161121314D8E9297C51AEABB35D45EC1 BaseClass: NativeClass:/Script/Engine.StaticMeshActor Name:StaticMeshActor_UAID_047C168AD0E7F84502_1244154014 Label:SM_ChamferCube5 SpatiallyLoaded:1 Bounds:IsValid=true, Min=(X=1310.000 Y=1230.000 Z=0.013), Max=(X=1410.000 Y=1330.000 Z=100.013) RuntimeGrid:None EditorOnly:0 RuntimeOnly:0 HLODRelevant:0 ListedInSceneOutliner:1 IsMainWorldOnly:0
 |   |   |- Guid:20B42B7948F2BF0F80A686AAC363AD9C BaseClass: NativeClass:/Script/Water.WaterZone Name:WaterZone_UAID_18C04D85F0CF0C4602_1206521527 Label:WaterZone SpatiallyLoaded:0 Bounds:IsValid=true, Min=(X=-23650.000 Y=-24580.000 Z=-25600.000), Max=(X=27550.000 Y=26620.000 Z=25600.000) RuntimeGrid:None EditorOnly:0 RuntimeOnly:0 HLODRelevant:0 ListedInSceneOutliner:1 IsMainWorldOnly:0
 |   |   |- Guid:21592B3F4CCFCD6A615BD28918226FFE BaseClass: NativeClass:/Script/Engine.StaticMeshActor Name:StaticMeshActor_UAID_A4AE111137DC5EFB00_1110535423 Label:SM_SkySphere SpatiallyLoaded:0 Bounds:IsValid=true, Min=(X=-1638400.000 Y=-1638400.000 Z=-1638400.000), Max=(X=1638400.000 Y=1638400.000 Z=1638400.000) RuntimeGrid:None EditorOnly:0 RuntimeOnly:0 HLODRelevant:1 ListedInSceneOutliner:1 IsMainWorldOnly:0 FolderPath:Lighting FolderGuid:963EC3EB4002CCE9759E2EBA541A873A
 |   |   |- Guid:2F8EB0BB4F792DE218B58D81F4AA326A BaseClass: NativeClass:/Script/Engine.WorldDataLayers Name:WorldDataLayers Label:WorldDataLayers SpatiallyLoaded:0 Bounds:Invalid RuntimeGrid:None EditorOnly:0 RuntimeOnly:0 HLODRelevant:0 ListedInSceneOutliner:1 IsMainWorldOnly:1
 |   |   |- Guid:33B18BF84B0192B7BB830CB3042D6B63 BaseClass: NativeClass:/Script/Engine.SkyLight Name:SkyLight_1 Label:SkyLight SpatiallyLoaded:0 Bounds:IsValid=true, Min=(X=0.000 Y=0.000 Z=690.000), Max=(X=0.000 Y=0.000 Z=690.000) RuntimeGrid:None EditorOnly:0 RuntimeOnly:0 HLODRelevant:0 ListedInSceneOutliner:1 IsMainWorldOnly:0 FolderPath:Lighting FolderGuid:963EC3EB4002CCE9759E2EBA541A873A
 |   |   |- Guid:435D52B346663801A3953997300FF5A1 BaseClass: NativeClass:/Script/Engine.DirectionalLight Name:DirectionalLight_0 Label:DirectionalLight SpatiallyLoaded:0 Bounds:IsValid=true, Min=(X=-4398046511104.000 Y=-4398046511104.000 Z=-4398046511104.000), Max=(X=4398046511104.000 Y=4398046511104.000 Z=4398046511104.000) RuntimeGrid:None EditorOnly:0 RuntimeOnly:0 HLODRelevant:0 ListedInSceneOutliner:1 IsMainWorldOnly:0 FolderPath:Lighting FolderGuid:963EC3EB4002CCE9759E2EBA541A873A
 |   |   |- Guid:6443467343C724CA36EE99862B1C2330 BaseClass:/Game/Effects/Bubble/BP_Burbuja.BP_Burbuja_C NativeClass:/Script/Engine.Actor Name:BP_Burbuja_C_UAID_18C04D85F0CF094602_1615301000 Label:BP_Burbuja SpatiallyLoaded:1 Bounds:IsValid=true, Min=(X=768.560 Y=928.560 Z=48.560), Max=(X=771.440 Y=931.440 Z=51.440) RuntimeGrid:None EditorOnly:0 RuntimeOnly:0 HLODRelevant:0 ListedInSceneOutliner:1 IsMainWorldOnly:0
 |   |   |- Guid:668694AA46E7A6BAE09753807829D150 BaseClass: NativeClass:/Script/Engine.ExponentialHeightFog Name:ExponentialHeightFog_0 Label:ExponentialHeightFog SpatiallyLoaded:0 Bounds:IsValid=true, Min=(X=-5600.000 Y=-50.000 Z=-6850.000), Max=(X=-5600.000 Y=-50.000 Z=-6850.000) RuntimeGrid:None EditorOnly:0 RuntimeOnly:0 HLODRelevant:0 ListedInSceneOutliner:1 IsMainWorldOnly:0 FolderPath:Lighting FolderGuid:963EC3EB4002CCE9759E2EBA541A873A
 |   |   |- Guid:6929C4E64CDA186D3C51BC838E367095 BaseClass: NativeClass:/Script/Engine.TargetPoint Name:TargetPoint_UAID_047C168AD0E7FE4502_1208727070 Label:TargetPoint SpatiallyLoaded:1 Bounds:IsValid=true, Min=(X=770.000 Y=1260.000 Z=200.000), Max=(X=770.000 Y=1260.000 Z=200.000) RuntimeGrid:None EditorOnly:0 RuntimeOnly:0 HLODRelevant:0 ListedInSceneOutliner:1 IsMainWorldOnly:0 FolderPath:TargetPoint FolderGuid:E99F807A49F3983F8EC54689062162E6
 |   |   |- Guid:6C4F743F48473D8665E58CB2DF4E74AD BaseClass: NativeClass:/Script/Engine.VolumetricCloud Name:VolumetricCloud_0 Label:VolumetricCloud SpatiallyLoaded:0 Bounds:IsValid=true, Min=(X=0.000 Y=0.000 Z=820.000), Max=(X=0.000 Y=0.000 Z=820.000) RuntimeGrid:None EditorOnly:0 RuntimeOnly:0 HLODRelevant:0 ListedInSceneOutliner:1 IsMainWorldOnly:0 FolderPath:Lighting FolderGuid:963EC3EB4002CCE9759E2EBA541A873A
 |   |   |- Guid:6D35B2C842B50335B49354A91EE9C18B BaseClass: NativeClass:/Script/Engine.TargetPoint Name:TargetPoint_UAID_047C168AD0E7FE4502_1217670072 Label:TargetPoint3 SpatiallyLoaded:1 Bounds:IsValid=true, Min=(X=1090.000 Y=1190.000 Z=200.000), Max=(X=1090.000 Y=1190.000 Z=200.000) RuntimeGrid:None EditorOnly:0 RuntimeOnly:0 HLODRelevant:0 ListedInSceneOutliner:1 IsMainWorldOnly:0 FolderPath:TargetPoint FolderGuid:E99F807A49F3983F8EC54689062162E6
 |   |   |- Guid:753B4B014AEA964BF0B6538AF1F744BF BaseClass: NativeClass:/Script/Engine.StaticMeshActor Name:StaticMeshActor_UAID_18C04D85F0CF084602_1818221823 Label:BathHb SpatiallyLoaded:1 Bounds:IsValid=true, Min=(X=1610.624 Y=302.254 Z=-0.000), Max=(X=2184.184 Y=1727.439 Z=500.118) RuntimeGrid:None EditorOnly:0 RuntimeOnly:0 HLODRelevant:1 ListedInSceneOutliner:1 IsMainWorldOnly:0
 |   |   |- Guid:776CA46E416599DDA29929A5CF8FC08F BaseClass: NativeClass:/Script/Engine.PostProcessVolume Name:PostProcessVolume_0 Label:PostProcessVolume SpatiallyLoaded:0 Bounds:IsValid=true, Min=(X=0.000 Y=0.000 Z=400.000), Max=(X=200.000 Y=200.000 Z=600.000) RuntimeGrid:None EditorOnly:0 RuntimeOnly:0 HLODRelevant:0 ListedInSceneOutliner:1 IsMainWorldOnly:0 FolderPath:Lighting FolderGuid:963EC3EB4002CCE9759E2EBA541A873A
 |   |   |- Guid:813CF8CD4B16E5560DC97D89BAD75DAA BaseClass: NativeClass:/Script/Engine.StaticMeshActor Name:StaticMeshActor_6 Label:SM_Cube3 SpatiallyLoaded:1 Bounds:IsValid=true, Min=(X=0.000 Y=3400.000 Z=0.000), Max=(X=3000.000 Y=3500.000 Z=400.000) RuntimeGrid:None EditorOnly:0 RuntimeOnly:0 HLODRelevant:1 ListedInSceneOutliner:1 IsMainWorldOnly:0 FolderPath:Playground FolderGuid:C73F09FC4215536B1DCE2A9E0A830C70
 |   |   |- Guid:84BBBD534C1A1F662A0038BB0B999105 BaseClass: NativeClass:/Script/Engine.TextRenderActor Name:TextRenderActor_1 Label:TextRenderActor SpatiallyLoaded:1 Bounds:IsValid=true, Min=(X=-0.100 Y=1100.000 Z=65.013), Max=(X=-0.100 Y=2392.308 Z=215.013) RuntimeGrid:None EditorOnly:0 RuntimeOnly:0 HLODRelevant:0 ListedInSceneOutliner:1 IsMainWorldOnly:0
 |   |   |- Guid:85F14A6F4AC42982AAB11CAFD01DD8BE BaseClass: NativeClass:/Script/Engine.StaticMeshActor Name:StaticMeshActor_11 Label:SM_ChamferCube3 SpatiallyLoaded:1 Bounds:IsValid=true, Min=(X=481.699 Y=2271.699 Z=0.013), Max=(X=618.301 Y=2408.301 Z=100.013) RuntimeGrid:None EditorOnly:0 RuntimeOnly:0 HLODRelevant:0 ListedInSceneOutliner:1 IsMainWorldOnly:0
 |   |   |- Guid:95650381426C42B1BEA0EA89E8FA5772 BaseClass: NativeClass:/Script/Engine.StaticMeshActor Name:StaticMeshActor_5 Label:SM_Cube2 SpatiallyLoaded:1 Bounds:IsValid=true, Min=(X=0.000 Y=0.000 Z=0.000), Max=(X=3000.000 Y=100.000 Z=400.000) RuntimeGrid:None EditorOnly:0 RuntimeOnly:0 HLODRelevant:1 ListedInSceneOutliner:1 IsMainWorldOnly:0 FolderPath:Playground FolderGuid:C73F09FC4215536B1DCE2A9E0A830C70
 |   |   |- Guid:A798E87E487D50A39ADE16A1BB0C6755 BaseClass: NativeClass:/Script/Engine.StaticMeshActor Name:StaticMeshActor_1 Label:SM_Cube SpatiallyLoaded:1 Bounds:IsValid=true, Min=(X=0.000 Y=0.000 Z=-50.000), Max=(X=3000.000 Y=3500.000 Z=0.000) RuntimeGrid:None EditorOnly:0 RuntimeOnly:0 HLODRelevant:1 ListedInSceneOutliner:1 IsMainWorldOnly:0 FolderPath:Playground FolderGuid:C73F09FC4215536B1DCE2A9E0A830C70
 |   |   |- Guid:A7A0F3E245E51A9E83C68DA75C399FCD BaseClass: NativeClass:/Script/Engine.StaticMeshActor Name:StaticMeshActor_2 Label:SM_ChamferCube SpatiallyLoaded:1 Bounds:IsValid=true, Min=(X=1100.000 Y=1410.000 Z=0.013), Max=(X=1200.000 Y=1510.000 Z=100.013) RuntimeGrid:None EditorOnly:0 RuntimeOnly:0 HLODRelevant:0 ListedInSceneOutliner:1 IsMainWorldOnly:0
 |   |   |- Guid:AA21A7B74FB2B65FBE78C284A4D9DAB7 BaseClass: NativeClass:/Script/Engine.SkyAtmosphere Name:SkyAtmosphere_0 Label:SkyAtmosphere SpatiallyLoaded:0 Bounds:IsValid=true, Min=(X=0.000 Y=0.000 Z=1020.000), Max=(X=0.000 Y=0.000 Z=1020.000) RuntimeGrid:None EditorOnly:0 RuntimeOnly:0 HLODRelevant:0 ListedInSceneOutliner:1 IsMainWorldOnly:0 FolderPath:Lighting FolderGuid:963EC3EB4002CCE9759E2EBA541A873A
 |   |   |- Guid:B452076845DA7978AEE819A6AF290AF7 BaseClass: NativeClass:/Script/Engine.StaticMeshActor Name:StaticMeshActor_UAID_047C168AD0E7F84502_1241368013 Label:SM_ChamferCube4 SpatiallyLoaded:1 Bounds:IsValid=true, Min=(X=1100.000 Y=1030.000 Z=0.013), Max=(X=1200.000 Y=1130.000 Z=100.013) RuntimeGrid:None EditorOnly:0 RuntimeOnly:0 HLODRelevant:0 ListedInSceneOutliner:1 IsMainWorldOnly:0
 |   |   |- Guid:B9469EEA45B9091A7E723FA829BF52BD BaseClass: NativeClass:/Script/Engine.StaticMeshActor Name:StaticMeshActor_0 Label:SM_Cube5 SpatiallyLoaded:1 Bounds:IsValid=true, Min=(X=-0.000 Y=100.000 Z=0.000), Max=(X=100.000 Y=3400.000 Z=400.000) RuntimeGrid:None EditorOnly:0 RuntimeOnly:0 HLODRelevant:1 ListedInSceneOutliner:1 IsMainWorldOnly:0 FolderPath:Playground FolderGuid:C73F09FC4215536B1DCE2A9E0A830C70
 |   |   |- Guid:CF5A075348735FF31F06B59ED0BCE66A BaseClass: NativeClass:/Script/Engine.StaticMeshActor Name:StaticMeshActor_10 Label:SM_ChamferCube2 SpatiallyLoaded:1 Bounds:IsValid=true, Min=(X=992.077 Y=2692.077 Z=0.013), Max=(X=1107.923 Y=2807.923 Z=100.013) RuntimeGrid:None EditorOnly:0 RuntimeOnly:0 HLODRelevant:0 ListedInSceneOutliner:1 IsMainWorldOnly:0
 |   |   |- Guid:D39BBBDA4E878D7B522B31BC10849E74 BaseClass: NativeClass:/Script/Engine.PlayerStart Name:PlayerStart_0 Label:PlayerStart SpatiallyLoaded:0 Bounds:IsValid=true, Min=(X=845.359 Y=735.359 Z=0.013), Max=(X=954.641 Y=844.641 Z=184.013) RuntimeGrid:None EditorOnly:0 RuntimeOnly:0 HLODRelevant:0 ListedInSceneOutliner:1 IsMainWorldOnly:0
 |   |   |- Guid:E183B9C84DC207829F720FB4395C0456 BaseClass: NativeClass:/Script/Engine.TargetPoint Name:TargetPoint_UAID_047C168AD0E7FF4502_1085510253 Label:TargetPoint6 SpatiallyLoaded:1 Bounds:IsValid=true, Min=(X=370.000 Y=1630.000 Z=200.000), Max=(X=370.000 Y=1630.000 Z=200.000) RuntimeGrid:None EditorOnly:0 RuntimeOnly:0 HLODRelevant:0 ListedInSceneOutliner:1 IsMainWorldOnly:0 FolderPath:TargetPoint FolderGuid:E99F807A49F3983F8EC54689062162E6
 |   |   |- Guid:E2388E9045E41388784E4FB53E4B05B6 BaseClass: NativeClass:/Script/Engine.TargetPoint Name:TargetPoint_UAID_047C168AD0E7FE4502_1214732071 Label:TargetPoint2 SpatiallyLoaded:1 Bounds:IsValid=true, Min=(X=450.000 Y=1230.000 Z=200.000), Max=(X=450.000 Y=1230.000 Z=200.000) RuntimeGrid:None EditorOnly:0 RuntimeOnly:0 HLODRelevant:0 ListedInSceneOutliner:1 IsMainWorldOnly:0 FolderPath:TargetPoint FolderGuid:E99F807A49F3983F8EC54689062162E6
 |   |   |- Guid:E8D862ED4E7EDFEB65FED997E533DC8B BaseClass: NativeClass:/Script/Engine.TargetPoint Name:TargetPoint_UAID_047C168AD0E7FF4502_1083233252 Label:TargetPoint5 SpatiallyLoaded:1 Bounds:IsValid=true, Min=(X=680.000 Y=1890.000 Z=200.000), Max=(X=680.000 Y=1890.000 Z=200.000) RuntimeGrid:None EditorOnly:0 RuntimeOnly:0 HLODRelevant:0 ListedInSceneOutliner:1 IsMainWorldOnly:0 FolderPath:TargetPoint FolderGuid:E99F807A49F3983F8EC54689062162E6
 |   |   |- Guid:FD29D0E348C7C3DDCE024698E87AC3E9 BaseClass: NativeClass:/Script/Engine.StaticMeshActor Name:StaticMeshActor_4 Label:SM_Cube6 SpatiallyLoaded:1 Bounds:IsValid=true, Min=(X=2900.000 Y=100.000 Z=0.000), Max=(X=3000.000 Y=3400.000 Z=400.000) RuntimeGrid:None EditorOnly:0 RuntimeOnly:0 HLODRelevant:1 ListedInSceneOutliner:1 IsMainWorldOnly:0 FolderPath:Playground FolderGuid:C73F09FC4215536B1DCE2A9E0A830C70
 |   |- [+] Clusters:
 |   |   |- [+] [  0]
 |   |   |   |- Guid:0A7E4B2348C3FE21204346A600146729 BaseClass: NativeClass:/Script/Engine.TargetPoint Name:TargetPoint_UAID_047C168AD0E7FF4502_1081622251 Label:TargetPoint4 SpatiallyLoaded:1 Bounds:IsValid=true, Min=(X=770.000 Y=2350.000 Z=200.000), Max=(X=770.000 Y=2350.000 Z=200.000) RuntimeGrid:None EditorOnly:0 RuntimeOnly:0 HLODRelevant:0 ListedInSceneOutliner:1 IsMainWorldOnly:0 FolderPath:TargetPoint FolderGuid:E99F807A49F3983F8EC54689062162E6
 |   |   |- [+] [  1]
 |   |   |   |- Guid:161121314D8E9297C51AEABB35D45EC1 BaseClass: NativeClass:/Script/Engine.StaticMeshActor Name:StaticMeshActor_UAID_047C168AD0E7F84502_1244154014 Label:SM_ChamferCube5 SpatiallyLoaded:1 Bounds:IsValid=true, Min=(X=1310.000 Y=1230.000 Z=0.013), Max=(X=1410.000 Y=1330.000 Z=100.013) RuntimeGrid:None EditorOnly:0 RuntimeOnly:0 HLODRelevant:0 ListedInSceneOutliner:1 IsMainWorldOnly:0
 |   |   |- [+] [  2]
 |   |   |   |- Guid:20B42B7948F2BF0F80A686AAC363AD9C BaseClass: NativeClass:/Script/Water.WaterZone Name:WaterZone_UAID_18C04D85F0CF0C4602_1206521527 Label:WaterZone SpatiallyLoaded:0 Bounds:IsValid=true, Min=(X=-23650.000 Y=-24580.000 Z=-25600.000), Max=(X=27550.000 Y=26620.000 Z=25600.000) RuntimeGrid:None EditorOnly:0 RuntimeOnly:0 HLODRelevant:0 ListedInSceneOutliner:1 IsMainWorldOnly:0
 |   |   |- [+] [  3]
 |   |   |   |- Guid:21592B3F4CCFCD6A615BD28918226FFE BaseClass: NativeClass:/Script/Engine.StaticMeshActor Name:StaticMeshActor_UAID_A4AE111137DC5EFB00_1110535423 Label:SM_SkySphere SpatiallyLoaded:0 Bounds:IsValid=true, Min=(X=-1638400.000 Y=-1638400.000 Z=-1638400.000), Max=(X=1638400.000 Y=1638400.000 Z=1638400.000) RuntimeGrid:None EditorOnly:0 RuntimeOnly:0 HLODRelevant:1 ListedInSceneOutliner:1 IsMainWorldOnly:0 FolderPath:Lighting FolderGuid:963EC3EB4002CCE9759E2EBA541A873A
 |   |   |- [+] [  4]
 |   |   |   |- Guid:2F8EB0BB4F792DE218B58D81F4AA326A BaseClass: NativeClass:/Script/Engine.WorldDataLayers Name:WorldDataLayers Label:WorldDataLayers SpatiallyLoaded:0 Bounds:Invalid RuntimeGrid:None EditorOnly:0 RuntimeOnly:0 HLODRelevant:0 ListedInSceneOutliner:1 IsMainWorldOnly:1
 |   |   |- [+] [  5]
 |   |   |   |- Guid:33B18BF84B0192B7BB830CB3042D6B63 BaseClass: NativeClass:/Script/Engine.SkyLight Name:SkyLight_1 Label:SkyLight SpatiallyLoaded:0 Bounds:IsValid=true, Min=(X=0.000 Y=0.000 Z=690.000), Max=(X=0.000 Y=0.000 Z=690.000) RuntimeGrid:None EditorOnly:0 RuntimeOnly:0 HLODRelevant:0 ListedInSceneOutliner:1 IsMainWorldOnly:0 FolderPath:Lighting FolderGuid:963EC3EB4002CCE9759E2EBA541A873A
 |   |   |- [+] [  6]
 |   |   |   |- Guid:435D52B346663801A3953997300FF5A1 BaseClass: NativeClass:/Script/Engine.DirectionalLight Name:DirectionalLight_0 Label:DirectionalLight SpatiallyLoaded:0 Bounds:IsValid=true, Min=(X=-4398046511104.000 Y=-4398046511104.000 Z=-4398046511104.000), Max=(X=4398046511104.000 Y=4398046511104.000 Z=4398046511104.000) RuntimeGrid:None EditorOnly:0 RuntimeOnly:0 HLODRelevant:0 ListedInSceneOutliner:1 IsMainWorldOnly:0 FolderPath:Lighting FolderGuid:963EC3EB4002CCE9759E2EBA541A873A
 |   |   |- [+] [  7]
 |   |   |   |- Guid:6443467343C724CA36EE99862B1C2330 BaseClass:/Game/Effects/Bubble/BP_Burbuja.BP_Burbuja_C NativeClass:/Script/Engine.Actor Name:BP_Burbuja_C_UAID_18C04D85F0CF094602_1615301000 Label:BP_Burbuja SpatiallyLoaded:1 Bounds:IsValid=true, Min=(X=768.560 Y=928.560 Z=48.560), Max=(X=771.440 Y=931.440 Z=51.440) RuntimeGrid:None EditorOnly:0 RuntimeOnly:0 HLODRelevant:0 ListedInSceneOutliner:1 IsMainWorldOnly:0
 |   |   |- [+] [  8]
 |   |   |   |- Guid:668694AA46E7A6BAE09753807829D150 BaseClass: NativeClass:/Script/Engine.ExponentialHeightFog Name:ExponentialHeightFog_0 Label:ExponentialHeightFog SpatiallyLoaded:0 Bounds:IsValid=true, Min=(X=-5600.000 Y=-50.000 Z=-6850.000), Max=(X=-5600.000 Y=-50.000 Z=-6850.000) RuntimeGrid:None EditorOnly:0 RuntimeOnly:0 HLODRelevant:0 ListedInSceneOutliner:1 IsMainWorldOnly:0 FolderPath:Lighting FolderGuid:963EC3EB4002CCE9759E2EBA541A873A
 |   |   |- [+] [  9]
 |   |   |   |- Guid:6929C4E64CDA186D3C51BC838E367095 BaseClass: NativeClass:/Script/Engine.TargetPoint Name:TargetPoint_UAID_047C168AD0E7FE4502_1208727070 Label:TargetPoint SpatiallyLoaded:1 Bounds:IsValid=true, Min=(X=770.000 Y=1260.000 Z=200.000), Max=(X=770.000 Y=1260.000 Z=200.000) RuntimeGrid:None EditorOnly:0 RuntimeOnly:0 HLODRelevant:0 ListedInSceneOutliner:1 IsMainWorldOnly:0 FolderPath:TargetPoint FolderGuid:E99F807A49F3983F8EC54689062162E6
 |   |   |- [+] [ 10]
 |   |   |   |- Guid:6C4F743F48473D8665E58CB2DF4E74AD BaseClass: NativeClass:/Script/Engine.VolumetricCloud Name:VolumetricCloud_0 Label:VolumetricCloud SpatiallyLoaded:0 Bounds:IsValid=true, Min=(X=0.000 Y=0.000 Z=820.000), Max=(X=0.000 Y=0.000 Z=820.000) RuntimeGrid:None EditorOnly:0 RuntimeOnly:0 HLODRelevant:0 ListedInSceneOutliner:1 IsMainWorldOnly:0 FolderPath:Lighting FolderGuid:963EC3EB4002CCE9759E2EBA541A873A
 |   |   |- [+] [ 11]
 |   |   |   |- Guid:6D35B2C842B50335B49354A91EE9C18B BaseClass: NativeClass:/Script/Engine.TargetPoint Name:TargetPoint_UAID_047C168AD0E7FE4502_1217670072 Label:TargetPoint3 SpatiallyLoaded:1 Bounds:IsValid=true, Min=(X=1090.000 Y=1190.000 Z=200.000), Max=(X=1090.000 Y=1190.000 Z=200.000) RuntimeGrid:None EditorOnly:0 RuntimeOnly:0 HLODRelevant:0 ListedInSceneOutliner:1 IsMainWorldOnly:0 FolderPath:TargetPoint FolderGuid:E99F807A49F3983F8EC54689062162E6
 |   |   |- [+] [ 12]
 |   |   |   |- Guid:753B4B014AEA964BF0B6538AF1F744BF BaseClass: NativeClass:/Script/Engine.StaticMeshActor Name:StaticMeshActor_UAID_18C04D85F0CF084602_1818221823 Label:BathHb SpatiallyLoaded:1 Bounds:IsValid=true, Min=(X=1610.624 Y=302.254 Z=-0.000), Max=(X=2184.184 Y=1727.439 Z=500.118) RuntimeGrid:None EditorOnly:0 RuntimeOnly:0 HLODRelevant:1 ListedInSceneOutliner:1 IsMainWorldOnly:0
 |   |   |- [+] [ 13]
 |   |   |   |- Guid:776CA46E416599DDA29929A5CF8FC08F BaseClass: NativeClass:/Script/Engine.PostProcessVolume Name:PostProcessVolume_0 Label:PostProcessVolume SpatiallyLoaded:0 Bounds:IsValid=true, Min=(X=0.000 Y=0.000 Z=400.000), Max=(X=200.000 Y=200.000 Z=600.000) RuntimeGrid:None EditorOnly:0 RuntimeOnly:0 HLODRelevant:0 ListedInSceneOutliner:1 IsMainWorldOnly:0 FolderPath:Lighting FolderGuid:963EC3EB4002CCE9759E2EBA541A873A
 |   |   |- [+] [ 14]
 |   |   |   |- Guid:813CF8CD4B16E5560DC97D89BAD75DAA BaseClass: NativeClass:/Script/Engine.StaticMeshActor Name:StaticMeshActor_6 Label:SM_Cube3 SpatiallyLoaded:1 Bounds:IsValid=true, Min=(X=0.000 Y=3400.000 Z=0.000), Max=(X=3000.000 Y=3500.000 Z=400.000) RuntimeGrid:None EditorOnly:0 RuntimeOnly:0 HLODRelevant:1 ListedInSceneOutliner:1 IsMainWorldOnly:0 FolderPath:Playground FolderGuid:C73F09FC4215536B1DCE2A9E0A830C70
 |   |   |- [+] [ 15]
 |   |   |   |- Guid:84BBBD534C1A1F662A0038BB0B999105 BaseClass: NativeClass:/Script/Engine.TextRenderActor Name:TextRenderActor_1 Label:TextRenderActor SpatiallyLoaded:1 Bounds:IsValid=true, Min=(X=-0.100 Y=1100.000 Z=65.013), Max=(X=-0.100 Y=2392.308 Z=215.013) RuntimeGrid:None EditorOnly:0 RuntimeOnly:0 HLODRelevant:0 ListedInSceneOutliner:1 IsMainWorldOnly:0
 |   |   |- [+] [ 16]
 |   |   |   |- Guid:85F14A6F4AC42982AAB11CAFD01DD8BE BaseClass: NativeClass:/Script/Engine.StaticMeshActor Name:StaticMeshActor_11 Label:SM_ChamferCube3 SpatiallyLoaded:1 Bounds:IsValid=true, Min=(X=481.699 Y=2271.699 Z=0.013), Max=(X=618.301 Y=2408.301 Z=100.013) RuntimeGrid:None EditorOnly:0 RuntimeOnly:0 HLODRelevant:0 ListedInSceneOutliner:1 IsMainWorldOnly:0
 |   |   |- [+] [ 17]
 |   |   |   |- Guid:95650381426C42B1BEA0EA89E8FA5772 BaseClass: NativeClass:/Script/Engine.StaticMeshActor Name:StaticMeshActor_5 Label:SM_Cube2 SpatiallyLoaded:1 Bounds:IsValid=true, Min=(X=0.000 Y=0.000 Z=0.000), Max=(X=3000.000 Y=100.000 Z=400.000) RuntimeGrid:None EditorOnly:0 RuntimeOnly:0 HLODRelevant:1 ListedInSceneOutliner:1 IsMainWorldOnly:0 FolderPath:Playground FolderGuid:C73F09FC4215536B1DCE2A9E0A830C70
 |   |   |- [+] [ 18]
 |   |   |   |- Guid:A798E87E487D50A39ADE16A1BB0C6755 BaseClass: NativeClass:/Script/Engine.StaticMeshActor Name:StaticMeshActor_1 Label:SM_Cube SpatiallyLoaded:1 Bounds:IsValid=true, Min=(X=0.000 Y=0.000 Z=-50.000), Max=(X=3000.000 Y=3500.000 Z=0.000) RuntimeGrid:None EditorOnly:0 RuntimeOnly:0 HLODRelevant:1 ListedInSceneOutliner:1 IsMainWorldOnly:0 FolderPath:Playground FolderGuid:C73F09FC4215536B1DCE2A9E0A830C70
 |   |   |- [+] [ 19]
 |   |   |   |- Guid:A7A0F3E245E51A9E83C68DA75C399FCD BaseClass: NativeClass:/Script/Engine.StaticMeshActor Name:StaticMeshActor_2 Label:SM_ChamferCube SpatiallyLoaded:1 Bounds:IsValid=true, Min=(X=1100.000 Y=1410.000 Z=0.013), Max=(X=1200.000 Y=1510.000 Z=100.013) RuntimeGrid:None EditorOnly:0 RuntimeOnly:0 HLODRelevant:0 ListedInSceneOutliner:1 IsMainWorldOnly:0
 |   |   |- [+] [ 20]
 |   |   |   |- Guid:AA21A7B74FB2B65FBE78C284A4D9DAB7 BaseClass: NativeClass:/Script/Engine.SkyAtmosphere Name:SkyAtmosphere_0 Label:SkyAtmosphere SpatiallyLoaded:0 Bounds:IsValid=true, Min=(X=0.000 Y=0.000 Z=1020.000), Max=(X=0.000 Y=0.000 Z=1020.000) RuntimeGrid:None EditorOnly:0 RuntimeOnly:0 HLODRelevant:0 ListedInSceneOutliner:1 IsMainWorldOnly:0 FolderPath:Lighting FolderGuid:963EC3EB4002CCE9759E2EBA541A873A
 |   |   |- [+] [ 21]
 |   |   |   |- Guid:B452076845DA7978AEE819A6AF290AF7 BaseClass: NativeClass:/Script/Engine.StaticMeshActor Name:StaticMeshActor_UAID_047C168AD0E7F84502_1241368013 Label:SM_ChamferCube4 SpatiallyLoaded:1 Bounds:IsValid=true, Min=(X=1100.000 Y=1030.000 Z=0.013), Max=(X=1200.000 Y=1130.000 Z=100.013) RuntimeGrid:None EditorOnly:0 RuntimeOnly:0 HLODRelevant:0 ListedInSceneOutliner:1 IsMainWorldOnly:0
 |   |   |- [+] [ 22]
 |   |   |   |- Guid:B9469EEA45B9091A7E723FA829BF52BD BaseClass: NativeClass:/Script/Engine.StaticMeshActor Name:StaticMeshActor_0 Label:SM_Cube5 SpatiallyLoaded:1 Bounds:IsValid=true, Min=(X=-0.000 Y=100.000 Z=0.000), Max=(X=100.000 Y=3400.000 Z=400.000) RuntimeGrid:None EditorOnly:0 RuntimeOnly:0 HLODRelevant:1 ListedInSceneOutliner:1 IsMainWorldOnly:0 FolderPath:Playground FolderGuid:C73F09FC4215536B1DCE2A9E0A830C70
 |   |   |- [+] [ 23]
 |   |   |   |- Guid:CF5A075348735FF31F06B59ED0BCE66A BaseClass: NativeClass:/Script/Engine.StaticMeshActor Name:StaticMeshActor_10 Label:SM_ChamferCube2 SpatiallyLoaded:1 Bounds:IsValid=true, Min=(X=992.077 Y=2692.077 Z=0.013), Max=(X=1107.923 Y=2807.923 Z=100.013) RuntimeGrid:None EditorOnly:0 RuntimeOnly:0 HLODRelevant:0 ListedInSceneOutliner:1 IsMainWorldOnly:0
 |   |   |- [+] [ 24]
 |   |   |   |- Guid:D39BBBDA4E878D7B522B31BC10849E74 BaseClass: NativeClass:/Script/Engine.PlayerStart Name:PlayerStart_0 Label:PlayerStart SpatiallyLoaded:0 Bounds:IsValid=true, Min=(X=845.359 Y=735.359 Z=0.013), Max=(X=954.641 Y=844.641 Z=184.013) RuntimeGrid:None EditorOnly:0 RuntimeOnly:0 HLODRelevant:0 ListedInSceneOutliner:1 IsMainWorldOnly:0
 |   |   |- [+] [ 25]
 |   |   |   |- Guid:E183B9C84DC207829F720FB4395C0456 BaseClass: NativeClass:/Script/Engine.TargetPoint Name:TargetPoint_UAID_047C168AD0E7FF4502_1085510253 Label:TargetPoint6 SpatiallyLoaded:1 Bounds:IsValid=true, Min=(X=370.000 Y=1630.000 Z=200.000), Max=(X=370.000 Y=1630.000 Z=200.000) RuntimeGrid:None EditorOnly:0 RuntimeOnly:0 HLODRelevant:0 ListedInSceneOutliner:1 IsMainWorldOnly:0 FolderPath:TargetPoint FolderGuid:E99F807A49F3983F8EC54689062162E6
 |   |   |- [+] [ 26]
 |   |   |   |- Guid:E2388E9045E41388784E4FB53E4B05B6 BaseClass: NativeClass:/Script/Engine.TargetPoint Name:TargetPoint_UAID_047C168AD0E7FE4502_1214732071 Label:TargetPoint2 SpatiallyLoaded:1 Bounds:IsValid=true, Min=(X=450.000 Y=1230.000 Z=200.000), Max=(X=450.000 Y=1230.000 Z=200.000) RuntimeGrid:None EditorOnly:0 RuntimeOnly:0 HLODRelevant:0 ListedInSceneOutliner:1 IsMainWorldOnly:0 FolderPath:TargetPoint FolderGuid:E99F807A49F3983F8EC54689062162E6
 |   |   |- [+] [ 27]
 |   |   |   |- Guid:E8D862ED4E7EDFEB65FED997E533DC8B BaseClass: NativeClass:/Script/Engine.TargetPoint Name:TargetPoint_UAID_047C168AD0E7FF4502_1083233252 Label:TargetPoint5 SpatiallyLoaded:1 Bounds:IsValid=true, Min=(X=680.000 Y=1890.000 Z=200.000), Max=(X=680.000 Y=1890.000 Z=200.000) RuntimeGrid:None EditorOnly:0 RuntimeOnly:0 HLODRelevant:0 ListedInSceneOutliner:1 IsMainWorldOnly:0 FolderPath:TargetPoint FolderGuid:E99F807A49F3983F8EC54689062162E6
 |   |   |- [+] [ 28]
 |   |   |   |- Guid:FD29D0E348C7C3DDCE024698E87AC3E9 BaseClass: NativeClass:/Script/Engine.StaticMeshActor Name:StaticMeshActor_4 Label:SM_Cube6 SpatiallyLoaded:1 Bounds:IsValid=true, Min=(X=2900.000 Y=100.000 Z=0.000), Max=(X=3000.000 Y=3400.000 Z=400.000) RuntimeGrid:None EditorOnly:0 RuntimeOnly:0 HLODRelevant:1 ListedInSceneOutliner:1 IsMainWorldOnly:0 FolderPath:Playground FolderGuid:C73F09FC4215536B1DCE2A9E0A830C70
 |- ContainerInstances:
 |- [+] MainContainer:
 |   |-        ID: 00000000000000000000000000000000
 |   |-  ParentID: 00000000000000000000000000000000
 |   |-    Bounds: IsValid=false, Min=(X=0.000 Y=0.000 Z=0.000), Max=(X=0.000 Y=0.000 Z=0.000)
 |   |- Transform: 0.000000,0.000000,0.000000|0.000000,0.000000,-0.000000|1.000000,1.000000,1.000000
 |   |- Container: /Game/ThirdPerson/Maps/Nadia
----------------------------------------------------------------------------------------------------------------
Nadia - Persistent Level
----------------------------------------------------------------------------------------------------------------
[+] Content of Nadia Persistent Level
 |- Always loaded Actor Count: 37 
 |- Actor Path: /Game/ThirdPerson/Maps/Nadia.Nadia:PersistentLevel.AbstractNavData-Default
 |- Actor Package: /Game/ThirdPerson/Maps/Nadia
 |- Actor Path: /Game/ThirdPerson/Maps/Nadia.Nadia:PersistentLevel.BP_Burbuja_C_UAID_18C04D85F0CF094602_1615301000
 |- Actor Package: /Game/__ExternalActors__/ThirdPerson/Maps/Nadia/8/AE/DL5OZGCOF1J3AL1NMSSPZL
 |- Actor Path: /Game/ThirdPerson/Maps/Nadia.Nadia:PersistentLevel.Brush_0
 |- Actor Package: /Game/ThirdPerson/Maps/Nadia
 |- Actor Path: /Game/ThirdPerson/Maps/Nadia.Nadia:PersistentLevel.BuoyancyManager_0
 |- Actor Package: /Game/ThirdPerson/Maps/Nadia
 |- Actor Path: /Game/ThirdPerson/Maps/Nadia.Nadia:PersistentLevel.DefaultPhysicsVolume_0
 |- Actor Package: /Game/ThirdPerson/Maps/Nadia
 |- Actor Path: /Game/ThirdPerson/Maps/Nadia.Nadia:PersistentLevel.DirectionalLight_0
 |- Actor Package: /Game/__ExternalActors__/ThirdPerson/Maps/Nadia/C/IV/MQ9RARE6NZYRWN952D4MR0
 |- Actor Path: /Game/ThirdPerson/Maps/Nadia.Nadia:PersistentLevel.ExponentialHeightFog_0
 |- Actor Package: /Game/__ExternalActors__/ThirdPerson/Maps/Nadia/8/G2/EKHB3THGCYR1RJDSMSK7V1
 |- Actor Path: /Game/ThirdPerson/Maps/Nadia.Nadia:PersistentLevel.GameplayDebuggerPlayerManager_0
 |- Actor Package: /Game/ThirdPerson/Maps/Nadia
 |- Actor Path: /Game/ThirdPerson/Maps/Nadia.Nadia:PersistentLevel.PlayerStart_0
 |- Actor Package: /Game/__ExternalActors__/ThirdPerson/Maps/Nadia/4/EV/GW2MTV7XTM18PCL2XKA7TN
 |- Actor Path: /Game/ThirdPerson/Maps/Nadia.Nadia:PersistentLevel.PostProcessVolume_0
 |- Actor Package: /Game/__ExternalActors__/ThirdPerson/Maps/Nadia/5/EN/YL9TP6R8BIH49SU2QF2F8T
 |- Actor Path: /Game/ThirdPerson/Maps/Nadia.Nadia:PersistentLevel.SkyAtmosphere_0
 |- Actor Package: /Game/__ExternalActors__/ThirdPerson/Maps/Nadia/3/TG/XZI2PM0SD8GQBJCQKEC98L
 |- Actor Path: /Game/ThirdPerson/Maps/Nadia.Nadia:PersistentLevel.SkyLight_1
 |- Actor Package: /Game/__ExternalActors__/ThirdPerson/Maps/Nadia/8/13/638J671NJ4RK9R93O8IB64
 |- Actor Path: /Game/ThirdPerson/Maps/Nadia.Nadia:PersistentLevel.StaticMeshActor_0
 |- Actor Package: /Game/__ExternalActors__/ThirdPerson/Maps/Nadia/4/6Y/IMWUP08MJ5JWP7T8GPZ27N
 |- Actor Path: /Game/ThirdPerson/Maps/Nadia.Nadia:PersistentLevel.StaticMeshActor_1
 |- Actor Package: /Game/__ExternalActors__/ThirdPerson/Maps/Nadia/4/OL/OTWXA9X0K3CDW20MYRJXUO
 |- Actor Path: /Game/ThirdPerson/Maps/Nadia.Nadia:PersistentLevel.StaticMeshActor_2
 |- Actor Package: /Game/__ExternalActors__/ThirdPerson/Maps/Nadia/0/KO/TG430TA4WC9UMGUGRO2999
 |- Actor Path: /Game/ThirdPerson/Maps/Nadia.Nadia:PersistentLevel.StaticMeshActor_4
 |- Actor Package: /Game/__ExternalActors__/ThirdPerson/Maps/Nadia/E/IY/KRXSMCWZWHB4SOKYISW3LH
 |- Actor Path: /Game/ThirdPerson/Maps/Nadia.Nadia:PersistentLevel.StaticMeshActor_5
 |- Actor Package: /Game/__ExternalActors__/ThirdPerson/Maps/Nadia/8/3P/TBNR23ECB6R6V586A1R9FB
 |- Actor Path: /Game/ThirdPerson/Maps/Nadia.Nadia:PersistentLevel.StaticMeshActor_6
 |- Actor Package: /Game/__ExternalActors__/ThirdPerson/Maps/Nadia/4/27/ORV3PZZUQJLBSPMKR4Q50D
 |- Actor Path: /Game/ThirdPerson/Maps/Nadia.Nadia:PersistentLevel.StaticMeshActor_10
 |- Actor Package: /Game/__ExternalActors__/ThirdPerson/Maps/Nadia/D/7R/SIM0I6DE37V6PZQOHQZ7BJ
 |- Actor Path: /Game/ThirdPerson/Maps/Nadia.Nadia:PersistentLevel.StaticMeshActor_11
 |- Actor Package: /Game/__ExternalActors__/ThirdPerson/Maps/Nadia/D/XZ/O6E9C6IP6SLGBBCWEF00WO
 |- Actor Path: /Game/ThirdPerson/Maps/Nadia.Nadia:PersistentLevel.StaticMeshActor_UAID_047C168AD0E7F84502_1241368013
 |- Actor Package: /Game/__ExternalActors__/ThirdPerson/Maps/Nadia/E/ZU/PRBRM6MFM2RKYMDQZKTNKS
 |- Actor Path: /Game/ThirdPerson/Maps/Nadia.Nadia:PersistentLevel.StaticMeshActor_UAID_047C168AD0E7F84502_1244154014
 |- Actor Package: /Game/__ExternalActors__/ThirdPerson/Maps/Nadia/A/TU/ZCI03F010XNADNMQNZA8SM
 |- Actor Path: /Game/ThirdPerson/Maps/Nadia.Nadia:PersistentLevel.StaticMeshActor_UAID_18C04D85F0CF084602_1818221823
 |- Actor Package: /Game/__ExternalActors__/ThirdPerson/Maps/Nadia/4/6U/CC1IERDR93TDTNE4EER6R6
 |- Actor Path: /Game/ThirdPerson/Maps/Nadia.Nadia:PersistentLevel.StaticMeshActor_UAID_A4AE111137DC5EFB00_1110535423
 |- Actor Package: /Game/__ExternalActors__/ThirdPerson/Maps/Nadia/2/JU/JU0JR433R7XTLCFSVY40E6
 |- Actor Path: /Game/ThirdPerson/Maps/Nadia.Nadia:PersistentLevel.TargetPoint_UAID_047C168AD0E7FE4502_1208727070
 |- Actor Package: /Game/__ExternalActors__/ThirdPerson/Maps/Nadia/9/MT/V5J9M9MES106CO4KBPB3SN
 |- Actor Path: /Game/ThirdPerson/Maps/Nadia.Nadia:PersistentLevel.TargetPoint_UAID_047C168AD0E7FE4502_1214732071
 |- Actor Package: /Game/__ExternalActors__/ThirdPerson/Maps/Nadia/C/AD/U4QGQLCMLOAIGCOR13MDJ8
 |- Actor Path: /Game/ThirdPerson/Maps/Nadia.Nadia:PersistentLevel.TargetPoint_UAID_047C168AD0E7FE4502_1217670072
 |- Actor Package: /Game/__ExternalActors__/ThirdPerson/Maps/Nadia/6/3Y/PIVVKSEEFU6VHJ8P9AVVOJ
 |- Actor Path: /Game/ThirdPerson/Maps/Nadia.Nadia:PersistentLevel.TargetPoint_UAID_047C168AD0E7FF4502_1081622251
 |- Actor Package: /Game/__ExternalActors__/ThirdPerson/Maps/Nadia/5/UN/PG6NC4Q28DHUUD1F9IAC26
 |- Actor Path: /Game/ThirdPerson/Maps/Nadia.Nadia:PersistentLevel.TargetPoint_UAID_047C168AD0E7FF4502_1083233252
 |- Actor Package: /Game/__ExternalActors__/ThirdPerson/Maps/Nadia/C/J0/QPETN8CQIT3D3BD5ZJ35O5
 |- Actor Path: /Game/ThirdPerson/Maps/Nadia.Nadia:PersistentLevel.TargetPoint_UAID_047C168AD0E7FF4502_1085510253
 |- Actor Package: /Game/__ExternalActors__/ThirdPerson/Maps/Nadia/7/9Z/VITV1N6X7V98W0WDXNUWE0
 |- Actor Path: /Game/ThirdPerson/Maps/Nadia.Nadia:PersistentLevel.TextRenderActor_1
 |- Actor Package: /Game/__ExternalActors__/ThirdPerson/Maps/Nadia/C/JH/TP2JXZEXUJ42YWIN8P40ZW
 |- Actor Path: /Game/ThirdPerson/Maps/Nadia.Nadia:PersistentLevel.ThirdPersonMap1_C_1
 |- Actor Package: /Game/ThirdPerson/Maps/Nadia
 |- Actor Path: /Game/ThirdPerson/Maps/Nadia.Nadia:PersistentLevel.VolumetricCloud_0
 |- Actor Package: /Game/__ExternalActors__/ThirdPerson/Maps/Nadia/C/EK/MZM0G9IJDEYVT571O24YYG
 |- Actor Path: /Game/ThirdPerson/Maps/Nadia.Nadia:PersistentLevel.WaterZone_UAID_18C04D85F0CF0C4602_1206521527
 |- Actor Package: /Game/__ExternalActors__/ThirdPerson/Maps/Nadia/0/6D/LNU497C60HESXGCCYTBZTF
 |- Actor Path: /Game/ThirdPerson/Maps/Nadia.Nadia:PersistentLevel.WorldDataLayers
 |- Actor Package: /Game/__ExternalActors__/ThirdPerson/Maps/Nadia/3/YX/ERFW3ZKY7M1MW8V9ISCWF3
 |- Actor Path: /Game/ThirdPerson/Maps/Nadia.Nadia:PersistentLevel.WorldInfo_0
 |- Actor Package: /Game/ThirdPerson/Maps/Nadia
 |- Actor Path: /Game/ThirdPerson/Maps/Nadia.Nadia:PersistentLevel.WorldPartitionMiniMap_0
 |- Actor Package: /Game/__ExternalActors__/ThirdPerson/Maps/Nadia/4/OC/OEE8SAKAP6PIW7L1VWIMD9

----------------------------------------------------------------------------------------------------------------
Nadia - Runtime Spatial Hash - Streaming Grid - MainGrid
----------------------------------------------------------------------------------------------------------------
            Origin: X=0.000 Y=0.000 Z=0.000
         Cell Size: 12800
      World Bounds: IsValid=false, Min=(X=0.000 Y=0.000 Z=0.000), Max=(X=0.000 Y=0.000 Z=0.000)
     Loading Range: 25600.00
Block Slow Loading: No
 ClientOnlyVisible: No
            Origin: X=0.000 Y=0.000 Z=0.000

[+] Grid Levels: 1
 |- Level  0: Cell Count    0 | Cell Size   12800 | Actor Count    0 (0.0%)

[+] Content of Grid Level 0

